{
type : INFO,
timestamp : 1681914739120,
date : Wed Apr 19 2023 19:02:19 GMT+0430 (Iran Daylight Time),
ip : ::ffff:127.0.0.1,
Request : {
method : POST,
url : /api/v1/user/login,
body : {"mobileNumber":"۰۹۳۰۸۲۹۷۸۸۰","password":"12345678"}
},
{
type : INFO,
timestamp : 1681914739391,
date : Wed Apr 19 2023 19:02:19 GMT+0430 (Iran Daylight Time),
ip : ::ffff:127.0.0.1,
Request : {
method : GET,
url : /api/v1/user/getCurrentUser,
body : {}
},
{
type : INFO,
timestamp : 1681914748647,
date : Wed Apr 19 2023 19:02:28 GMT+0430 (Iran Daylight Time),
ip : ::ffff:127.0.0.1,
Request : {
method : GET,
url : /api/v1/idea?additionalPayload=%5Bobject%20Object%5D,
body : {}
},
{
type : INFO,
timestamp : 1681914751479,
date : Wed Apr 19 2023 19:02:31 GMT+0430 (Iran Daylight Time),
ip : ::ffff:127.0.0.1,
Request : {
method : GET,
url : /api/v1/ideaCategory?pageSize=100,
body : {}
},
{
type : INFO,
timestamp : 1681914761402,
date : Wed Apr 19 2023 19:02:41 GMT+0430 (Iran Daylight Time),
ip : ::ffff:127.0.0.1,
Request : {
method : GET,
url : /api/v1/ideaCategory?,
body : {}
},
{
type : INFO,
timestamp : 1681914766002,
date : Wed Apr 19 2023 19:02:46 GMT+0430 (Iran Daylight Time),
ip : ::ffff:127.0.0.1,
Request : {
method : POST,
url : /api/v1/ideaCategory,
body : {"title":"sadf"}
},
{
type : INFO,
timestamp : 1681914766142,
date : Wed Apr 19 2023 19:02:46 GMT+0430 (Iran Daylight Time),
ip : ::ffff:127.0.0.1,
Request : {
method : GET,
url : /api/v1/ideaCategory?,
body : {}
},
{
type : INFO,
timestamp : 1681914769200,
date : Wed Apr 19 2023 19:02:49 GMT+0430 (Iran Daylight Time),
ip : ::ffff:127.0.0.1,
Request : {
method : GET,
url : /api/v1/idea?additionalPayload=%5Bobject%20Object%5D,
body : {}
},
{
type : INFO,
timestamp : 1681914772723,
date : Wed Apr 19 2023 19:02:52 GMT+0430 (Iran Daylight Time),
ip : ::ffff:127.0.0.1,
Request : {
method : GET,
url : /api/v1/user/getCurrentUser,
body : {}
},
{
type : INFO,
timestamp : 1681914772973,
date : Wed Apr 19 2023 19:02:52 GMT+0430 (Iran Daylight Time),
ip : ::ffff:127.0.0.1,
Request : {
method : GET,
url : /api/v1/ideaCategory?pageSize=100,
body : {}
},
{
type : INFO,
timestamp : 1681914778130,
date : Wed Apr 19 2023 19:02:58 GMT+0430 (Iran Daylight Time),
ip : ::ffff:127.0.0.1,
Request : {
method : POST,
url : /api/v1/idea,
body : {"title":"تستی","ideaCategory":"643ffb8ef1c907b6075dbe02","featured":false,"text":"asdfasdfasddf","isAdminSubmitted":true}
},
{
type : INFO,
timestamp : 1681914778620,
date : Wed Apr 19 2023 19:02:58 GMT+0430 (Iran Daylight Time),
ip : ::ffff:127.0.0.1,
Request : {
method : GET,
url : /api/v1/idea?additionalPayload=%5Bobject%20Object%5D,
body : {}
},
{
type : INFO,
timestamp : 1681914807451,
date : Wed Apr 19 2023 19:03:27 GMT+0430 (Iran Daylight Time),
ip : ::ffff:127.0.0.1,
Request : {
method : GET,
url : /api/v1/user/getCurrentUser,
body : {}
},
{
type : INFO,
timestamp : 1681914807912,
date : Wed Apr 19 2023 19:03:27 GMT+0430 (Iran Daylight Time),
ip : ::ffff:127.0.0.1,
Request : {
method : GET,
url : /api/v1/idea?additionalPayload=%5Bobject%20Object%5D,
body : {}
},
{
type : INFO,
timestamp : 1681914900920,
date : Wed Apr 19 2023 19:05:00 GMT+0430 (Iran Daylight Time),
ip : ::ffff:127.0.0.1,
Request : {
method : GET,
url : /api/v1/user/getCurrentUser,
body : {}
},
{
type : INFO,
timestamp : 1681914901386,
date : Wed Apr 19 2023 19:05:01 GMT+0430 (Iran Daylight Time),
ip : ::ffff:127.0.0.1,
Request : {
method : GET,
url : /api/v1/idea?additionalPayload=%5Bobject%20Object%5D,
body : {}
},
{
type : INFO,
timestamp : 1681915024409,
date : Wed Apr 19 2023 19:07:04 GMT+0430 (Iran Daylight Time),
ip : ::ffff:127.0.0.1,
Request : {
method : GET,
url : /api/v1/ideaCategory?pageSize=100,
body : {}
},
{
type : INFO,
timestamp : 1681915024413,
date : Wed Apr 19 2023 19:07:04 GMT+0430 (Iran Daylight Time),
ip : ::ffff:127.0.0.1,
Request : {
method : GET,
url : /api/v1/idea/643ffb9af1c907b6075dbe0c,
body : {}
},
{
type : INFO,
timestamp : 1681915075643,
date : Wed Apr 19 2023 19:07:55 GMT+0430 (Iran Daylight Time),
ip : ::ffff:127.0.0.1,
Request : {
method : GET,
url : /api/v1/idea/643ffb9af1c907b6075dbe0c,
body : {}
},
{
type : INFO,
timestamp : 1681915087522,
date : Wed Apr 19 2023 19:08:07 GMT+0430 (Iran Daylight Time),
ip : ::ffff:127.0.0.1,
Request : {
method : GET,
url : /api/v1/idea/643ffb9af1c907b6075dbe0c,
body : {}
},
{
type : INFO,
timestamp : 1681915105567,
date : Wed Apr 19 2023 19:08:25 GMT+0430 (Iran Daylight Time),
ip : ::ffff:127.0.0.1,
Request : {
method : GET,
url : /api/v1/idea/643ffb9af1c907b6075dbe0c,
body : {}
},
{
type : INFO,
timestamp : 1681915127874,
date : Wed Apr 19 2023 19:08:47 GMT+0430 (Iran Daylight Time),
ip : ::ffff:127.0.0.1,
Request : {
method : GET,
url : /api/v1/idea/643ffb9af1c907b6075dbe0c,
body : {}
},
{
type : INFO,
timestamp : 1681915259145,
date : Wed Apr 19 2023 19:10:59 GMT+0430 (Iran Daylight Time),
ip : ::ffff:127.0.0.1,
Request : {
method : GET,
url : /api/v1/idea/643ffb9af1c907b6075dbe0c,
body : {}
},
{
type : INFO,
timestamp : 1681915268345,
date : Wed Apr 19 2023 19:11:08 GMT+0430 (Iran Daylight Time),
ip : ::ffff:127.0.0.1,
Request : {
method : PUT,
url : /api/v1/idea/643ffb9af1c907b6075dbe0c,
body : {"title":"تستی2","ideaCategory":"643ffb8ef1c907b6075dbe02","featured":false,"text":"asdfasdfasddf","_id":"643ffb9af1c907b6075dbe0c"}
},
{
type : INFO,
timestamp : 1681915268503,
date : Wed Apr 19 2023 19:11:08 GMT+0430 (Iran Daylight Time),
ip : ::ffff:127.0.0.1,
Request : {
method : GET,
url : /api/v1/idea?additionalPayload=%5Bobject%20Object%5D,
body : {}
},
{
type : INFO,
timestamp : 1681915273362,
date : Wed Apr 19 2023 19:11:13 GMT+0430 (Iran Daylight Time),
ip : ::ffff:127.0.0.1,
Request : {
method : GET,
url : /api/v1/idea/643ffb9af1c907b6075dbe0c,
body : {}
},
{
type : INFO,
timestamp : 1681915278338,
date : Wed Apr 19 2023 19:11:18 GMT+0430 (Iran Daylight Time),
ip : ::ffff:127.0.0.1,
Request : {
method : GET,
url : /api/v1/ideaCategory?,
body : {}
},
{
type : INFO,
timestamp : 1681915281577,
date : Wed Apr 19 2023 19:11:21 GMT+0430 (Iran Daylight Time),
ip : ::ffff:127.0.0.1,
Request : {
method : POST,
url : /api/v1/ideaCategory,
body : {"title":"تست۱"}
},
{
type : INFO,
timestamp : 1681915281695,
date : Wed Apr 19 2023 19:11:21 GMT+0430 (Iran Daylight Time),
ip : ::ffff:127.0.0.1,
Request : {
method : GET,
url : /api/v1/ideaCategory?,
body : {}
},
{
type : INFO,
timestamp : 1681915284700,
date : Wed Apr 19 2023 19:11:24 GMT+0430 (Iran Daylight Time),
ip : ::ffff:127.0.0.1,
Request : {
method : GET,
url : /api/v1/idea?additionalPayload=%5Bobject%20Object%5D,
body : {}
},
{
type : INFO,
timestamp : 1681915285910,
date : Wed Apr 19 2023 19:11:25 GMT+0430 (Iran Daylight Time),
ip : ::ffff:127.0.0.1,
Request : {
method : GET,
url : /api/v1/idea/643ffb9af1c907b6075dbe0c,
body : {}
},
{
type : INFO,
timestamp : 1681915288934,
date : Wed Apr 19 2023 19:11:28 GMT+0430 (Iran Daylight Time),
ip : ::ffff:127.0.0.1,
Request : {
method : GET,
url : /api/v1/user/getCurrentUser,
body : {}
},
{
type : INFO,
timestamp : 1681915289410,
date : Wed Apr 19 2023 19:11:29 GMT+0430 (Iran Daylight Time),
ip : ::ffff:127.0.0.1,
Request : {
method : GET,
url : /api/v1/idea/643ffb9af1c907b6075dbe0c,
body : {}
},
{
type : INFO,
timestamp : 1681915289422,
date : Wed Apr 19 2023 19:11:29 GMT+0430 (Iran Daylight Time),
ip : ::ffff:127.0.0.1,
Request : {
method : GET,
url : /api/v1/ideaCategory?pageSize=100,
body : {}
},
{
type : INFO,
timestamp : 1681915291286,
date : Wed Apr 19 2023 19:11:31 GMT+0430 (Iran Daylight Time),
ip : ::ffff:127.0.0.1,
Request : {
method : PUT,
url : /api/v1/idea/643ffb9af1c907b6075dbe0c,
body : {"title":"تستی2","ideaCategory":"643ffd91fbde2e35f6dda9c1","featured":false,"text":"asdfasdfasddf","_id":"643ffb9af1c907b6075dbe0c"}
},
{
type : INFO,
timestamp : 1681915291569,
date : Wed Apr 19 2023 19:11:31 GMT+0430 (Iran Daylight Time),
ip : ::ffff:127.0.0.1,
Request : {
method : GET,
url : /api/v1/idea?additionalPayload=%5Bobject%20Object%5D,
body : {}
},
{
type : INFO,
timestamp : 1681915295925,
date : Wed Apr 19 2023 19:11:35 GMT+0430 (Iran Daylight Time),
ip : ::ffff:127.0.0.1,
Request : {
method : GET,
url : /api/v1/user/getCurrentUser,
body : {}
},
{
type : INFO,
timestamp : 1681915296377,
date : Wed Apr 19 2023 19:11:36 GMT+0430 (Iran Daylight Time),
ip : ::ffff:127.0.0.1,
Request : {
method : GET,
url : /api/v1/idea?additionalPayload=%5Bobject%20Object%5D,
body : {}
},
{
type : INFO,
timestamp : 1681915301969,
date : Wed Apr 19 2023 19:11:41 GMT+0430 (Iran Daylight Time),
ip : ::ffff:127.0.0.1,
Request : {
method : GET,
url : /api/v1/ideaCategory?pageSize=100,
body : {}
},
{
type : INFO,
timestamp : 1681915301974,
date : Wed Apr 19 2023 19:11:41 GMT+0430 (Iran Daylight Time),
ip : ::ffff:127.0.0.1,
Request : {
method : GET,
url : /api/v1/idea/643ffb9af1c907b6075dbe0c,
body : {}
},
{
type : INFO,
timestamp : 1681915304659,
date : Wed Apr 19 2023 19:11:44 GMT+0430 (Iran Daylight Time),
ip : ::ffff:127.0.0.1,
Request : {
method : PUT,
url : /api/v1/idea/643ffb9af1c907b6075dbe0c,
body : {"title":"تستی2","ideaCategory":"643ffd91fbde2e35f6dda9c1","featured":false,"text":"asdfasdfasddf","_id":"643ffb9af1c907b6075dbe0c"}
},
{
type : INFO,
timestamp : 1681915304809,
date : Wed Apr 19 2023 19:11:44 GMT+0430 (Iran Daylight Time),
ip : ::ffff:127.0.0.1,
Request : {
method : GET,
url : /api/v1/idea?additionalPayload=%5Bobject%20Object%5D,
body : {}
},
{
type : INFO,
timestamp : 1681915516799,
date : Wed Apr 19 2023 19:15:16 GMT+0430 (Iran Daylight Time),
ip : ::ffff:127.0.0.1,
Request : {
method : GET,
url : /api/v1/idea/643ffb9af1c907b6075dbe0c,
body : {}
},
{
type : INFO,
timestamp : 1681915522742,
date : Wed Apr 19 2023 19:15:22 GMT+0430 (Iran Daylight Time),
ip : ::ffff:127.0.0.1,
Request : {
method : GET,
url : /api/v1/user/getCurrentUser,
body : {}
},
{
type : INFO,
timestamp : 1681915523098,
date : Wed Apr 19 2023 19:15:23 GMT+0430 (Iran Daylight Time),
ip : ::ffff:127.0.0.1,
Request : {
method : GET,
url : /api/v1/ideaCategory?pageSize=100,
body : {}
},
{
type : INFO,
timestamp : 1681915523109,
date : Wed Apr 19 2023 19:15:23 GMT+0430 (Iran Daylight Time),
ip : ::ffff:127.0.0.1,
Request : {
method : GET,
url : /api/v1/idea/643ffb9af1c907b6075dbe0c,
body : {}
},
{
type : INFO,
timestamp : 1681915528884,
date : Wed Apr 19 2023 19:15:28 GMT+0430 (Iran Daylight Time),
ip : ::ffff:127.0.0.1,
Request : {
method : PUT,
url : /api/v1/idea/643ffb9af1c907b6075dbe0c,
body : {"title":"تستی2","ideaCategory":"643ffd91fbde2e35f6dda9c1","featured":true,"text":"asdfasdfasddf3456345634653","_id":"643ffb9af1c907b6075dbe0c"}
},
{
type : INFO,
timestamp : 1681915529363,
date : Wed Apr 19 2023 19:15:29 GMT+0430 (Iran Daylight Time),
ip : ::ffff:127.0.0.1,
Request : {
method : GET,
url : /api/v1/idea?additionalPayload=%5Bobject%20Object%5D,
body : {}
},
{
type : INFO,
timestamp : 1681915534624,
date : Wed Apr 19 2023 19:15:34 GMT+0430 (Iran Daylight Time),
ip : ::ffff:127.0.0.1,
Request : {
method : GET,
url : /api/v1/idea/643ffb9af1c907b6075dbe0c,
body : {}
},
{
type : INFO,
timestamp : 1681915539719,
date : Wed Apr 19 2023 19:15:39 GMT+0430 (Iran Daylight Time),
ip : ::ffff:127.0.0.1,
Request : {
method : GET,
url : /api/v1/idea?additionalPayload=%5Bobject%20Object%5D,
body : {}
},
{
type : INFO,
timestamp : 1681915545896,
date : Wed Apr 19 2023 19:15:45 GMT+0430 (Iran Daylight Time),
ip : ::ffff:127.0.0.1,
Request : {
method : GET,
url : /api/v1/idea/643ffb9af1c907b6075dbe0c,
body : {}
},
{
type : INFO,
timestamp : 1681915549591,
date : Wed Apr 19 2023 19:15:49 GMT+0430 (Iran Daylight Time),
ip : ::ffff:127.0.0.1,
Request : {
method : PUT,
url : /api/v1/idea/643ffb9af1c907b6075dbe0c,
body : {"title":"تستی2","ideaCategory":"643ffd91fbde2e35f6dda9c1","featured":true,"text":"asdfasdfasddf3456345634653","_id":"643ffb9af1c907b6075dbe0c"}
},
{
type : INFO,
timestamp : 1681915549725,
date : Wed Apr 19 2023 19:15:49 GMT+0430 (Iran Daylight Time),
ip : ::ffff:127.0.0.1,
Request : {
method : GET,
url : /api/v1/idea?additionalPayload=%5Bobject%20Object%5D,
body : {}
},
{
type : INFO,
timestamp : 1681915608540,
date : Wed Apr 19 2023 19:16:48 GMT+0430 (Iran Daylight Time),
ip : ::ffff:127.0.0.1,
Request : {
method : GET,
url : /api/v1/idea/643ffb9af1c907b6075dbe0c,
body : {}
},
{
type : INFO,
timestamp : 1681915610519,
date : Wed Apr 19 2023 19:16:50 GMT+0430 (Iran Daylight Time),
ip : ::ffff:127.0.0.1,
Request : {
method : PUT,
url : /api/v1/idea/643ffb9af1c907b6075dbe0c,
body : {"title":"تستی2","ideaCategory":"643ffd91fbde2e35f6dda9c1","featured":true,"text":"asdfasdfasddf3456345634653","_id":"643ffb9af1c907b6075dbe0c"}
},
{
type : INFO,
timestamp : 1681915610672,
date : Wed Apr 19 2023 19:16:50 GMT+0430 (Iran Daylight Time),
ip : ::ffff:127.0.0.1,
Request : {
method : GET,
url : /api/v1/idea?additionalPayload=%5Bobject%20Object%5D,
body : {}
},
{
type : INFO,
timestamp : 1681915727640,
date : Wed Apr 19 2023 19:18:47 GMT+0430 (Iran Daylight Time),
ip : ::ffff:127.0.0.1,
Request : {
method : GET,
url : /api/v1/user/getCurrentUser,
body : {}
},
{
type : INFO,
timestamp : 1681915728089,
date : Wed Apr 19 2023 19:18:48 GMT+0430 (Iran Daylight Time),
ip : ::ffff:127.0.0.1,
Request : {
method : GET,
url : /api/v1/idea?additionalPayload=%5Bobject%20Object%5D,
body : {}
},
{
type : INFO,
timestamp : 1681915739759,
date : Wed Apr 19 2023 19:18:59 GMT+0430 (Iran Daylight Time),
ip : ::ffff:127.0.0.1,
Request : {
method : GET,
url : /api/v1/user/getCurrentUser,
body : {}
},
{
type : INFO,
timestamp : 1681915740165,
date : Wed Apr 19 2023 19:19:00 GMT+0430 (Iran Daylight Time),
ip : ::ffff:127.0.0.1,
Request : {
method : GET,
url : /api/v1/idea?additionalPayload=%5Bobject%20Object%5D,
body : {}
},
{
type : INFO,
timestamp : 1681915784460,
date : Wed Apr 19 2023 19:19:44 GMT+0430 (Iran Daylight Time),
ip : ::ffff:127.0.0.1,
Request : {
method : GET,
url : /api/v1/user/getCurrentUser,
body : {}
},
{
type : INFO,
timestamp : 1681915784879,
date : Wed Apr 19 2023 19:19:44 GMT+0430 (Iran Daylight Time),
ip : ::ffff:127.0.0.1,
Request : {
method : GET,
url : /api/v1/idea?additionalPayload=%5Bobject%20Object%5D,
body : {}
},
{
type : INFO,
timestamp : 1681915826091,
date : Wed Apr 19 2023 19:20:26 GMT+0430 (Iran Daylight Time),
ip : ::ffff:127.0.0.1,
Request : {
method : GET,
url : /api/v1/user/getCurrentUser,
body : {}
},
{
type : INFO,
timestamp : 1681915826502,
date : Wed Apr 19 2023 19:20:26 GMT+0430 (Iran Daylight Time),
ip : ::ffff:127.0.0.1,
Request : {
method : GET,
url : /api/v1/idea?isAdminSubmitted=true,
body : {}
},
{
type : INFO,
timestamp : 1681915831501,
date : Wed Apr 19 2023 19:20:31 GMT+0430 (Iran Daylight Time),
ip : ::ffff:127.0.0.1,
Request : {
method : GET,
url : /api/v1/idea?isAdminSubmitted=false,
body : {}
},
{
type : INFO,
timestamp : 1681915837416,
date : Wed Apr 19 2023 19:20:37 GMT+0430 (Iran Daylight Time),
ip : ::ffff:127.0.0.1,
Request : {
method : GET,
url : /api/v1/user/getCurrentUser,
body : {}
},
{
type : INFO,
timestamp : 1681915837871,
date : Wed Apr 19 2023 19:20:37 GMT+0430 (Iran Daylight Time),
ip : ::ffff:127.0.0.1,
Request : {
method : GET,
url : /api/v1/idea?isAdminSubmitted=false,
body : {}
},
{
type : INFO,
timestamp : 1681916182673,
date : Wed Apr 19 2023 19:26:22 GMT+0430 (Iran Daylight Time),
ip : ::ffff:127.0.0.1,
Request : {
method : GET,
url : /api/v1/idea?isAdminSubmitted=false,
body : {}
},
{
type : INFO,
timestamp : 1681916211253,
date : Wed Apr 19 2023 19:26:51 GMT+0430 (Iran Daylight Time),
ip : ::ffff:127.0.0.1,
Request : {
method : GET,
url : /api/v1/idea?isAdminSubmitted=false,
body : {}
},
{
type : INFO,
timestamp : 1681916349263,
date : Wed Apr 19 2023 19:29:09 GMT+0430 (Iran Daylight Time),
ip : ::ffff:127.0.0.1,
Request : {
method : POST,
url : /api/v1/idea/approve/643ffb9af1c907b6075dbe0c,
body : {}
},
{
type : INFO,
timestamp : 1681916349340,
date : Wed Apr 19 2023 19:29:09 GMT+0430 (Iran Daylight Time),
ip : ::ffff:127.0.0.1,
Request : {
method : GET,
url : /api/v1/idea?isAdminSubmitted=false,
body : {}
},
{
type : INFO,
timestamp : 1681916355721,
date : Wed Apr 19 2023 19:29:15 GMT+0430 (Iran Daylight Time),
ip : ::ffff:127.0.0.1,
Request : {
method : GET,
url : /api/v1/experienceCategory?pageSize=100,
body : {}
},
{
type : INFO,
timestamp : 1681916355725,
date : Wed Apr 19 2023 19:29:15 GMT+0430 (Iran Daylight Time),
ip : ::ffff:127.0.0.1,
Request : {
method : GET,
url : /api/v1/experience?,
body : {}
},
{
type : INFO,
timestamp : 1681916355755,
date : Wed Apr 19 2023 19:29:15 GMT+0430 (Iran Daylight Time),
ip : ::ffff:127.0.0.1,
Request : {
method : GET,
url : /api/v1/experienceCategory?pageSize=100,
body : {}
},
{
type : INFO,
timestamp : 1681916483634,
date : Wed Apr 19 2023 19:31:23 GMT+0430 (Iran Daylight Time),
ip : ::ffff:127.0.0.1,
Request : {
method : GET,
url : /api/v1/userExperienceCategory?pageSize=100,
body : {}
},
{
type : INFO,
timestamp : 1681916483637,
date : Wed Apr 19 2023 19:31:23 GMT+0430 (Iran Daylight Time),
ip : ::ffff:127.0.0.1,
Request : {
method : GET,
url : /api/v1/userExperience?,
body : {}
},
{
type : INFO,
timestamp : 1681916483676,
date : Wed Apr 19 2023 19:31:23 GMT+0430 (Iran Daylight Time),
ip : ::ffff:127.0.0.1,
Request : {
method : GET,
url : /api/v1/userExperienceCategory?pageSize=100,
body : {}
},
{
type : INFO,
timestamp : 1682187559722,
date : Sat Apr 22 2023 22:49:19 GMT+0430 (Iran Daylight Time),
ip : ::ffff:127.0.0.1,
Request : {
method : POST,
url : /api/v1/user/login,
body : {"mobileNumber":"09105371653","password":"12345678"}
},
{
type : INFO,
timestamp : 1682187560200,
date : Sat Apr 22 2023 22:49:20 GMT+0430 (Iran Daylight Time),
ip : ::ffff:127.0.0.1,
Request : {
method : GET,
url : /api/v1/user/getCurrentUser,
body : {}
},
{
type : INFO,
timestamp : 1682187561883,
date : Sat Apr 22 2023 22:49:21 GMT+0430 (Iran Daylight Time),
ip : ::ffff:127.0.0.1,
Request : {
method : GET,
url : /api/v1/idea?isAdminSubmitted=true,
body : {}
},
{
type : INFO,
timestamp : 1682187566139,
date : Sat Apr 22 2023 22:49:26 GMT+0430 (Iran Daylight Time),
ip : ::ffff:127.0.0.1,
Request : {
method : GET,
url : /api/v1/ideaCategory?pageSize=100,
body : {}
},
{
type : INFO,
timestamp : 1682187566144,
date : Sat Apr 22 2023 22:49:26 GMT+0430 (Iran Daylight Time),
ip : ::ffff:127.0.0.1,
Request : {
method : GET,
url : /api/v1/idea/643e3de86e5a4b4c3a92f98c,
body : {}
},
{
type : INFO,
timestamp : 1682187574717,
date : Sat Apr 22 2023 22:49:34 GMT+0430 (Iran Daylight Time),
ip : ::ffff:127.0.0.1,
Request : {
method : PUT,
url : /api/v1/idea/643e3de86e5a4b4c3a92f98c,
body : {"title":"new2","ideaCategory":"64212834e4dbd7c1f7d6a05f","featured":false,"text":"wwwwwwwwwww2","_id":"643e3de86e5a4b4c3a92f98c"}
},
{
type : INFO,
timestamp : 1682187574879,
date : Sat Apr 22 2023 22:49:34 GMT+0430 (Iran Daylight Time),
ip : ::ffff:127.0.0.1,
Request : {
method : GET,
url : /api/v1/idea?isAdminSubmitted=true,
body : {}
},
{
type : INFO,
timestamp : 1682187585782,
date : Sat Apr 22 2023 22:49:45 GMT+0430 (Iran Daylight Time),
ip : ::ffff:127.0.0.1,
Request : {
method : GET,
url : /api/v1/idea?isAdminSubmitted=true,
body : {}
},
{
type : INFO,
timestamp : 1682187592397,
date : Sat Apr 22 2023 22:49:52 GMT+0430 (Iran Daylight Time),
ip : ::ffff:127.0.0.1,
Request : {
method : GET,
url : /api/v1/user/getCurrentUser,
body : {}
},
{
type : INFO,
timestamp : 1682187592868,
date : Sat Apr 22 2023 22:49:52 GMT+0430 (Iran Daylight Time),
ip : ::ffff:127.0.0.1,
Request : {
method : GET,
url : /api/v1/idea?isAdminSubmitted=true,
body : {}
},
{
type : INFO,
timestamp : 1682187690575,
date : Sat Apr 22 2023 22:51:30 GMT+0430 (Iran Daylight Time),
ip : ::ffff:127.0.0.1,
Request : {
method : GET,
url : /api/v1/ideaCategory?pageSize=100,
body : {}
},
{
type : INFO,
timestamp : 1682187690581,
date : Sat Apr 22 2023 22:51:30 GMT+0430 (Iran Daylight Time),
ip : ::ffff:127.0.0.1,
Request : {
method : GET,
url : /api/v1/idea/643e3de86e5a4b4c3a92f98c,
body : {}
},
{
type : INFO,
timestamp : 1682187693186,
date : Sat Apr 22 2023 22:51:33 GMT+0430 (Iran Daylight Time),
ip : ::ffff:127.0.0.1,
Request : {
method : PUT,
url : /api/v1/idea/643e3de86e5a4b4c3a92f98c,
body : {"title":"new2","ideaCategory":"64212834e4dbd7c1f7d6a05f","featured":true,"text":"wwwwwwwwwww2","_id":"643e3de86e5a4b4c3a92f98c"}
},
{
type : INFO,
timestamp : 1682187693341,
date : Sat Apr 22 2023 22:51:33 GMT+0430 (Iran Daylight Time),
ip : ::ffff:127.0.0.1,
Request : {
method : GET,
url : /api/v1/idea?isAdminSubmitted=true,
body : {}
},
{
type : INFO,
timestamp : 1682187719753,
date : Sat Apr 22 2023 22:51:59 GMT+0430 (Iran Daylight Time),
ip : ::ffff:127.0.0.1,
Request : {
method : GET,
url : /api/v1/idea?isAdminSubmitted=false,
body : {}
},
{
type : INFO,
timestamp : 1682188056804,
date : Sat Apr 22 2023 22:57:36 GMT+0430 (Iran Daylight Time),
ip : ::ffff:127.0.0.1,
Request : {
method : GET,
url : /api/v1/idea?isAdminSubmitted=true,
body : {}
},
{
type : INFO,
timestamp : 1682188064178,
date : Sat Apr 22 2023 22:57:44 GMT+0430 (Iran Daylight Time),
ip : ::ffff:127.0.0.1,
Request : {
method : GET,
url : /api/v1/user/getCurrentUser,
body : {}
},
{
type : INFO,
timestamp : 1682188064496,
date : Sat Apr 22 2023 22:57:44 GMT+0430 (Iran Daylight Time),
ip : ::ffff:127.0.0.1,
Request : {
method : GET,
url : /api/v1/ideaCategory?pageSize=100,
body : {}
},
{
type : INFO,
timestamp : 1682188074828,
date : Sat Apr 22 2023 22:57:54 GMT+0430 (Iran Daylight Time),
ip : ::ffff:127.0.0.1,
Request : {
method : POST,
url : /api/v1/idea,
body : {"title":"u","ideaCategory":"64212834e4dbd7c1f7d6a05f","featured":false,"text":"u","isAdminSubmitted":true}
},
{
type : INFO,
timestamp : 1682188078976,
date : Sat Apr 22 2023 22:57:58 GMT+0430 (Iran Daylight Time),
ip : ::ffff:127.0.0.1,
Request : {
method : POST,
url : /api/v1/idea,
body : {"title":"uu","ideaCategory":"64212834e4dbd7c1f7d6a05f","featured":false,"text":"u","isAdminSubmitted":true}
},
{
type : INFO,
timestamp : 1682188079213,
date : Sat Apr 22 2023 22:57:59 GMT+0430 (Iran Daylight Time),
ip : ::ffff:127.0.0.1,
Request : {
method : GET,
url : /api/v1/idea?isAdminSubmitted=true,
body : {}
},
{
type : INFO,
timestamp : 1682188160342,
date : Sat Apr 22 2023 22:59:20 GMT+0430 (Iran Daylight Time),
ip : ::1,
Request : {
method : POST,
url : /api/v1/useIdea,
body : {"title":"rgvgfdgd","ideaCategory":"64212429e4dbd7c1f7d6a00b","text":"fghfthfth","featured":true,"isAdminSubmitted":false,"isApprove":false}
},
{
type : INFO,
timestamp : 1682188297079,
date : Sat Apr 22 2023 23:01:37 GMT+0430 (Iran Daylight Time),
ip : ::1,
Request : {
method : POST,
url : /api/v1/idea,
body : {"title":"userIdea test","ideaCategory":"64212429e4dbd7c1f7d6a00b","text":"fghfthfth","featured":true,"isAdminSubmitted":false,"isApprove":false}
},
{
type : INFO,
timestamp : 1682188303785,
date : Sat Apr 22 2023 23:01:43 GMT+0430 (Iran Daylight Time),
ip : ::ffff:127.0.0.1,
Request : {
method : GET,
url : /api/v1/user/getCurrentUser,
body : {}
},
{
type : INFO,
timestamp : 1682188304224,
date : Sat Apr 22 2023 23:01:44 GMT+0430 (Iran Daylight Time),
ip : ::ffff:127.0.0.1,
Request : {
method : GET,
url : /api/v1/idea?isAdminSubmitted=true,
body : {}
},
{
type : INFO,
timestamp : 1682188310331,
date : Sat Apr 22 2023 23:01:50 GMT+0430 (Iran Daylight Time),
ip : ::ffff:127.0.0.1,
Request : {
method : GET,
url : /api/v1/idea?isAdminSubmitted=false,
body : {}
},
{
type : INFO,
timestamp : 1682188312323,
date : Sat Apr 22 2023 23:01:52 GMT+0430 (Iran Daylight Time),
ip : ::ffff:127.0.0.1,
Request : {
method : GET,
url : /api/v1/user/getCurrentUser,
body : {}
},
{
type : INFO,
timestamp : 1682188312621,
date : Sat Apr 22 2023 23:01:52 GMT+0430 (Iran Daylight Time),
ip : ::ffff:127.0.0.1,
Request : {
method : GET,
url : /api/v1/idea?isAdminSubmitted=false,
body : {}
},
{
type : INFO,
timestamp : 1682188313652,
date : Sat Apr 22 2023 23:01:53 GMT+0430 (Iran Daylight Time),
ip : ::ffff:127.0.0.1,
Request : {
method : GET,
url : /api/v1/idea?isAdminSubmitted=true,
body : {}
},
{
type : INFO,
timestamp : 1682188434381,
date : Sat Apr 22 2023 23:03:54 GMT+0430 (Iran Daylight Time),
ip : ::ffff:127.0.0.1,
Request : {
method : GET,
url : /api/v1/user/getCurrentUser,
body : {}
},
{
type : INFO,
timestamp : 1682188434710,
date : Sat Apr 22 2023 23:03:54 GMT+0430 (Iran Daylight Time),
ip : ::ffff:127.0.0.1,
Request : {
method : GET,
url : /api/v1/idea?isAdminSubmitted=true,
body : {}
},
{
type : INFO,
timestamp : 1682188523775,
date : Sat Apr 22 2023 23:05:23 GMT+0430 (Iran Daylight Time),
ip : ::1,
Request : {
method : POST,
url : /api/v1/idea,
body : {"title":"userIdea test","ideaCategory":"64212429e4dbd7c1f7d6a00b","text":"fghfthfth","featured":true,"isAdminSubmitted":false,"isApprove":false}
},
{
type : INFO,
timestamp : 1682188666280,
date : Sat Apr 22 2023 23:07:46 GMT+0430 (Iran Daylight Time),
ip : ::ffff:127.0.0.1,
Request : {
method : GET,
url : /api/v1/user/getCurrentUser,
body : {}
},
{
type : INFO,
timestamp : 1682188666570,
date : Sat Apr 22 2023 23:07:46 GMT+0430 (Iran Daylight Time),
ip : ::ffff:127.0.0.1,
Request : {
method : GET,
url : /api/v1/idea?isAdminSubmitted=true,
body : {}
},
{
type : INFO,
timestamp : 1682188692451,
date : Sat Apr 22 2023 23:08:12 GMT+0430 (Iran Daylight Time),
ip : ::ffff:127.0.0.1,
Request : {
method : GET,
url : /api/v1/idea?isAdminSubmitted=false,
body : {}
},
{
type : INFO,
timestamp : 1682188694290,
date : Sat Apr 22 2023 23:08:14 GMT+0430 (Iran Daylight Time),
ip : ::ffff:127.0.0.1,
Request : {
method : GET,
url : /api/v1/user/getCurrentUser,
body : {}
},
{
type : INFO,
timestamp : 1682188694656,
date : Sat Apr 22 2023 23:08:14 GMT+0430 (Iran Daylight Time),
ip : ::ffff:127.0.0.1,
Request : {
method : GET,
url : /api/v1/idea?isAdminSubmitted=false,
body : {}
},
{
type : INFO,
timestamp : 1682188748881,
date : Sat Apr 22 2023 23:09:08 GMT+0430 (Iran Daylight Time),
ip : ::ffff:127.0.0.1,
Request : {
method : GET,
url : /api/v1/idea?isAdminSubmitted=true,
body : {}
},
{
type : INFO,
timestamp : 1682188757438,
date : Sat Apr 22 2023 23:09:17 GMT+0430 (Iran Daylight Time),
ip : ::ffff:127.0.0.1,
Request : {
method : GET,
url : /api/v1/user/getCurrentUser,
body : {}
},
{
type : INFO,
timestamp : 1682188757835,
date : Sat Apr 22 2023 23:09:17 GMT+0430 (Iran Daylight Time),
ip : ::ffff:127.0.0.1,
Request : {
method : GET,
url : /api/v1/idea?isAdminSubmitted=true,
body : {}
},
{
type : INFO,
timestamp : 1682188811027,
date : Sat Apr 22 2023 23:10:11 GMT+0430 (Iran Daylight Time),
ip : ::1,
Request : {
method : POST,
url : /api/v1/idea,
body : {"title":"test userIdea","ideaCategory":"64212429e4dbd7c1f7d6a00b","text":"test userIdea","featured":true,"isAdminSubmitted":false,"isApprove":false}
},
{
type : INFO,
timestamp : 1682188842042,
date : Sat Apr 22 2023 23:10:42 GMT+0430 (Iran Daylight Time),
ip : ::1,
Request : {
method : POST,
url : /api/v1/idea,
body : {"title":"test userIdea","ideaCategory":"64212429e4dbd7c1f7d6a00b","text":"test userIdea","featured":true,"isAdminSubmitted":false}
},
{
type : INFO,
timestamp : 1682188853225,
date : Sat Apr 22 2023 23:10:53 GMT+0430 (Iran Daylight Time),
ip : ::ffff:127.0.0.1,
Request : {
method : GET,
url : /api/v1/user/getCurrentUser,
body : {}
},
{
type : INFO,
timestamp : 1682188853609,
date : Sat Apr 22 2023 23:10:53 GMT+0430 (Iran Daylight Time),
ip : ::ffff:127.0.0.1,
Request : {
method : GET,
url : /api/v1/idea?isAdminSubmitted=true,
body : {}
},
{
type : INFO,
timestamp : 1682188855540,
date : Sat Apr 22 2023 23:10:55 GMT+0430 (Iran Daylight Time),
ip : ::ffff:127.0.0.1,
Request : {
method : GET,
url : /api/v1/idea?isAdminSubmitted=false,
body : {}
},
{
type : INFO,
timestamp : 1682188955476,
date : Sat Apr 22 2023 23:12:35 GMT+0430 (Iran Daylight Time),
ip : ::ffff:127.0.0.1,
Request : {
method : GET,
url : /api/v1/user/getCurrentUser,
body : {}
},
{
type : INFO,
timestamp : 1682188955774,
date : Sat Apr 22 2023 23:12:35 GMT+0430 (Iran Daylight Time),
ip : ::ffff:127.0.0.1,
Request : {
method : GET,
url : /api/v1/idea?isAdminSubmitted=true,
body : {}
},
{
type : INFO,
timestamp : 1682188977053,
date : Sat Apr 22 2023 23:12:57 GMT+0430 (Iran Daylight Time),
ip : ::ffff:127.0.0.1,
Request : {
method : POST,
url : /api/v1/idea/disApprove/643bf93759d4e04ef25253bb,
body : {}
},
{
type : INFO,
timestamp : 1682188977107,
date : Sat Apr 22 2023 23:12:57 GMT+0430 (Iran Daylight Time),
ip : ::ffff:127.0.0.1,
Request : {
method : GET,
url : /api/v1/idea?isAdminSubmitted=true,
body : {}
},
{
type : INFO,
timestamp : 1682189001203,
date : Sat Apr 22 2023 23:13:21 GMT+0430 (Iran Daylight Time),
ip : ::ffff:127.0.0.1,
Request : {
method : POST,
url : /api/v1/idea/approve/64442a2a23d5ac3ef57fd94c,
body : {}
},
{
type : INFO,
timestamp : 1682189001257,
date : Sat Apr 22 2023 23:13:21 GMT+0430 (Iran Daylight Time),
ip : ::ffff:127.0.0.1,
Request : {
method : GET,
url : /api/v1/idea?isAdminSubmitted=true,
body : {}
},
{
type : INFO,
timestamp : 1682189006949,
date : Sat Apr 22 2023 23:13:26 GMT+0430 (Iran Daylight Time),
ip : ::ffff:127.0.0.1,
Request : {
method : POST,
url : /api/v1/idea/disApprove/64442a2a23d5ac3ef57fd94c,
body : {}
},
{
type : INFO,
timestamp : 1682189006997,
date : Sat Apr 22 2023 23:13:26 GMT+0430 (Iran Daylight Time),
ip : ::ffff:127.0.0.1,
Request : {
method : GET,
url : /api/v1/idea?isAdminSubmitted=true,
body : {}
},
{
type : INFO,
timestamp : 1682189040122,
date : Sat Apr 22 2023 23:14:00 GMT+0430 (Iran Daylight Time),
ip : ::ffff:127.0.0.1,
Request : {
method : POST,
url : /api/v1/idea/approve/64442a2a23d5ac3ef57fd94c,
body : {}
},
{
type : INFO,
timestamp : 1682189040165,
date : Sat Apr 22 2023 23:14:00 GMT+0430 (Iran Daylight Time),
ip : ::ffff:127.0.0.1,
Request : {
method : GET,
url : /api/v1/idea?isAdminSubmitted=true,
body : {}
},
{
type : INFO,
timestamp : 1682189076137,
date : Sat Apr 22 2023 23:14:36 GMT+0430 (Iran Daylight Time),
ip : ::ffff:127.0.0.1,
Request : {
method : GET,
url : /api/v1/idea?isAdminSubmitted=false&pageNumber=2&pageSize=10,
body : {}
},
{
type : INFO,
timestamp : 1682189083026,
date : Sat Apr 22 2023 23:14:43 GMT+0430 (Iran Daylight Time),
ip : ::ffff:127.0.0.1,
Request : {
method : GET,
url : /api/v1/user/getCurrentUser,
body : {}
},
{
type : INFO,
timestamp : 1682189083414,
date : Sat Apr 22 2023 23:14:43 GMT+0430 (Iran Daylight Time),
ip : ::ffff:127.0.0.1,
Request : {
method : GET,
url : /api/v1/idea?isAdminSubmitted=false&pageNumber=2&pageSize=10,
body : {}
},
{
type : INFO,
timestamp : 1682189091344,
date : Sat Apr 22 2023 23:14:51 GMT+0430 (Iran Daylight Time),
ip : ::ffff:127.0.0.1,
Request : {
method : GET,
url : /api/v1/user/getCurrentUser,
body : {}
},
{
type : INFO,
timestamp : 1682189091674,
date : Sat Apr 22 2023 23:14:51 GMT+0430 (Iran Daylight Time),
ip : ::ffff:127.0.0.1,
Request : {
method : GET,
url : /api/v1/idea?isAdminSubmitted=false,
body : {}
},
{
type : INFO,
timestamp : 1682189361371,
date : Sat Apr 22 2023 23:19:21 GMT+0430 (Iran Daylight Time),
ip : ::ffff:127.0.0.1,
Request : {
method : GET,
url : /api/v1/experienceCategory?pageSize=100,
body : {}
},
{
type : INFO,
timestamp : 1682189361380,
date : Sat Apr 22 2023 23:19:21 GMT+0430 (Iran Daylight Time),
ip : ::ffff:127.0.0.1,
Request : {
method : GET,
url : /api/v1/experience?,
body : {}
},
{
type : INFO,
timestamp : 1682189361437,
date : Sat Apr 22 2023 23:19:21 GMT+0430 (Iran Daylight Time),
ip : ::ffff:127.0.0.1,
Request : {
method : GET,
url : /api/v1/experienceCategory?pageSize=100,
body : {}
},
{
type : INFO,
timestamp : 1682189391888,
date : Sat Apr 22 2023 23:19:51 GMT+0430 (Iran Daylight Time),
ip : ::ffff:127.0.0.1,
Request : {
method : GET,
url : /api/v1/user/getCurrentUser,
body : {}
},
{
type : INFO,
timestamp : 1682189392358,
date : Sat Apr 22 2023 23:19:52 GMT+0430 (Iran Daylight Time),
ip : ::ffff:127.0.0.1,
Request : {
method : GET,
url : /api/v1/experienceCategory?pageSize=100,
body : {}
},
{
type : INFO,
timestamp : 1682189392360,
date : Sat Apr 22 2023 23:19:52 GMT+0430 (Iran Daylight Time),
ip : ::ffff:127.0.0.1,
Request : {
method : GET,
url : /api/v1/experience?,
body : {}
},
{
type : INFO,
timestamp : 1682189392422,
date : Sat Apr 22 2023 23:19:52 GMT+0430 (Iran Daylight Time),
ip : ::ffff:127.0.0.1,
Request : {
method : GET,
url : /api/v1/experienceCategory?pageSize=100,
body : {}
},
{
type : INFO,
timestamp : 1682189432288,
date : Sat Apr 22 2023 23:20:32 GMT+0430 (Iran Daylight Time),
ip : ::ffff:127.0.0.1,
Request : {
method : GET,
url : /api/v1/experience?experienceCategory=64213ae813d9f5525f860581&pageSize=10,
body : {}
},
{
type : INFO,
timestamp : 1682189454250,
date : Sat Apr 22 2023 23:20:54 GMT+0430 (Iran Daylight Time),
ip : ::ffff:127.0.0.1,
Request : {
method : GET,
url : /api/v1/idea?isAdminSubmitted=true,
body : {}
},
{
type : INFO,
timestamp : 1682189456686,
date : Sat Apr 22 2023 23:20:56 GMT+0430 (Iran Daylight Time),
ip : ::ffff:127.0.0.1,
Request : {
method : GET,
url : /api/v1/idea?isAdminSubmitted=false,
body : {}
},
{
type : INFO,
timestamp : 1682189458558,
date : Sat Apr 22 2023 23:20:58 GMT+0430 (Iran Daylight Time),
ip : ::ffff:127.0.0.1,
Request : {
method : GET,
url : /api/v1/experience?,
body : {}
},
{
type : INFO,
timestamp : 1682189468214,
date : Sat Apr 22 2023 23:21:08 GMT+0430 (Iran Daylight Time),
ip : ::ffff:127.0.0.1,
Request : {
method : GET,
url : /api/v1/experience?experienceCategory=64213ae213d9f5525f86057b&pageSize=10,
body : {}
},
{
type : INFO,
timestamp : 1682189806398,
date : Sat Apr 22 2023 23:26:46 GMT+0430 (Iran Daylight Time),
ip : ::ffff:127.0.0.1,
Request : {
method : GET,
url : /api/v1/video?pageNumber=1&pageSize=50&title=,
body : {}
},
{
type : INFO,
timestamp : 1682189806455,
date : Sat Apr 22 2023 23:26:46 GMT+0430 (Iran Daylight Time),
ip : ::ffff:127.0.0.1,
Request : {
method : GET,
url : /api/v1/video/VID-643d3a4e27487bbf4fb0e186-720.mp4,
body : {}
},
{
type : INFO,
timestamp : 1682189806504,
date : Sat Apr 22 2023 23:26:46 GMT+0430 (Iran Daylight Time),
ip : ::ffff:127.0.0.1,
Request : {
method : GET,
url : /api/v1/video/VID-643d3a4e27487bbf4fb0e186-720.mp4,
body : {}
},
{
type : INFO,
timestamp : 1682189808243,
date : Sat Apr 22 2023 23:26:48 GMT+0430 (Iran Daylight Time),
ip : ::ffff:127.0.0.1,
Request : {
method : GET,
url : /api/v1/video/VID-643d3a4e27487bbf4fb0e186-720.mp4,
body : {}
},
{
type : INFO,
timestamp : 1682189808289,
date : Sat Apr 22 2023 23:26:48 GMT+0430 (Iran Daylight Time),
ip : ::ffff:127.0.0.1,
Request : {
method : GET,
url : /api/v1/video/VID-643d3a4e27487bbf4fb0e186-720.mp4,
body : {}
},
{
type : INFO,
timestamp : 1682189808349,
date : Sat Apr 22 2023 23:26:48 GMT+0430 (Iran Daylight Time),
ip : ::ffff:127.0.0.1,
Request : {
method : GET,
url : /api/v1/video/VID-643d3a4e27487bbf4fb0e186-720.mp4,
body : {}
},
{
type : INFO,
timestamp : 1682189810402,
date : Sat Apr 22 2023 23:26:50 GMT+0430 (Iran Daylight Time),
ip : ::ffff:127.0.0.1,
Request : {
method : GET,
url : /api/v1/image?pageNumber=1&pageSize=50&title=,
body : {}
},
{
type : INFO,
timestamp : 1682189812966,
date : Sat Apr 22 2023 23:26:52 GMT+0430 (Iran Daylight Time),
ip : ::ffff:127.0.0.1,
Request : {
method : POST,
url : /api/v1/experience,
body : {"title":"aa","experienceCategory":"64213ae813d9f5525f860581","featured":true,"text":"aaaaaaaaaaaaa","videos":["643d3a4e27487bbf4fb0e186"],"images":["642d52b0c614daffa23ec176"]}
},
{
type : INFO,
timestamp : 1682189813337,
date : Sat Apr 22 2023 23:26:53 GMT+0430 (Iran Daylight Time),
ip : ::ffff:127.0.0.1,
Request : {
method : GET,
url : /api/v1/experience?,
body : {}
},
{
type : INFO,
timestamp : 1682189827705,
date : Sat Apr 22 2023 23:27:07 GMT+0430 (Iran Daylight Time),
ip : ::ffff:127.0.0.1,
Request : {
method : GET,
url : /api/v1/experience?pageSize=10&title=aa,
body : {}
},
{
type : INFO,
timestamp : 1682189829363,
date : Sat Apr 22 2023 23:27:09 GMT+0430 (Iran Daylight Time),
ip : ::ffff:127.0.0.1,
Request : {
method : GET,
url : /api/v1/experience?pageSize=10,
body : {}
},
{
type : INFO,
timestamp : 1682189835493,
date : Sat Apr 22 2023 23:27:15 GMT+0430 (Iran Daylight Time),
ip : ::ffff:127.0.0.1,
Request : {
method : GET,
url : /api/v1/experience?pageSize=10&text=aaaaaaaaaaaaa,
body : {}
},
{
type : INFO,
timestamp : 1682189836597,
date : Sat Apr 22 2023 23:27:16 GMT+0430 (Iran Daylight Time),
ip : ::ffff:127.0.0.1,
Request : {
method : GET,
url : /api/v1/experience?pageSize=10,
body : {}
},
{
type : INFO,
timestamp : 1682189839686,
date : Sat Apr 22 2023 23:27:19 GMT+0430 (Iran Daylight Time),
ip : ::ffff:127.0.0.1,
Request : {
method : GET,
url : /api/v1/experience?featured=false&pageSize=10,
body : {}
},
{
type : INFO,
timestamp : 1682189848868,
date : Sat Apr 22 2023 23:27:28 GMT+0430 (Iran Daylight Time),
ip : ::ffff:127.0.0.1,
Request : {
method : GET,
url : /api/v1/experience?experienceCategory=64213ae213d9f5525f86057b&featured=false&pageSize=10,
body : {}
},
{
type : INFO,
timestamp : 1682189854470,
date : Sat Apr 22 2023 23:27:34 GMT+0430 (Iran Daylight Time),
ip : ::ffff:127.0.0.1,
Request : {
method : GET,
url : /api/v1/userExperienceCategory?pageSize=100,
body : {}
},
{
type : INFO,
timestamp : 1682189854475,
date : Sat Apr 22 2023 23:27:34 GMT+0430 (Iran Daylight Time),
ip : ::ffff:127.0.0.1,
Request : {
method : GET,
url : /api/v1/userExperience?,
body : {}
},
{
type : INFO,
timestamp : 1682189854499,
date : Sat Apr 22 2023 23:27:34 GMT+0430 (Iran Daylight Time),
ip : ::ffff:127.0.0.1,
Request : {
method : GET,
url : /api/v1/userExperienceCategory?pageSize=100,
body : {}
},
{
type : INFO,
timestamp : 1682189860605,
date : Sat Apr 22 2023 23:27:40 GMT+0430 (Iran Daylight Time),
ip : ::ffff:127.0.0.1,
Request : {
method : GET,
url : /api/v1/userExperience?pageSize=10,
body : {}
},
{
type : INFO,
timestamp : 1682189861884,
date : Sat Apr 22 2023 23:27:41 GMT+0430 (Iran Daylight Time),
ip : ::ffff:127.0.0.1,
Request : {
method : GET,
url : /api/v1/experience?,
body : {}
},
{
type : INFO,
timestamp : 1682190074138,
date : Sat Apr 22 2023 23:31:14 GMT+0430 (Iran Daylight Time),
ip : ::ffff:127.0.0.1,
Request : {
method : GET,
url : /api/v1/experience?experienceCategory=64213ae813d9f5525f860581&pageSize=10,
body : {}
},
{
type : INFO,
timestamp : 1682190090036,
date : Sat Apr 22 2023 23:31:30 GMT+0430 (Iran Daylight Time),
ip : ::ffff:127.0.0.1,
Request : {
method : GET,
url : /api/v1/experience?pageSize=10,
body : {}
},
{
type : INFO,
timestamp : 1682190092881,
date : Sat Apr 22 2023 23:31:32 GMT+0430 (Iran Daylight Time),
ip : ::ffff:127.0.0.1,
Request : {
method : GET,
url : /api/v1/experience/64442df518575660495c3755,
body : {}
},
{
type : INFO,
timestamp : 1682190093005,
date : Sat Apr 22 2023 23:31:33 GMT+0430 (Iran Daylight Time),
ip : ::ffff:127.0.0.1,
Request : {
method : GET,
url : /api/v1/video/VID-643d3a4e27487bbf4fb0e186-720.mp4,
body : {}
},
{
type : INFO,
timestamp : 1682190093032,
date : Sat Apr 22 2023 23:31:33 GMT+0430 (Iran Daylight Time),
ip : ::ffff:127.0.0.1,
Request : {
method : GET,
url : /api/v1/video/VID-643d3a4e27487bbf4fb0e186-720.mp4,
body : {}
},
{
type : INFO,
timestamp : 1682190093054,
date : Sat Apr 22 2023 23:31:33 GMT+0430 (Iran Daylight Time),
ip : ::ffff:127.0.0.1,
Request : {
method : GET,
url : /api/v1/video/VID-643d3a4e27487bbf4fb0e186-720.mp4,
body : {}
},
{
type : INFO,
timestamp : 1682190113841,
date : Sat Apr 22 2023 23:31:53 GMT+0430 (Iran Daylight Time),
ip : ::ffff:127.0.0.1,
Request : {
method : GET,
url : /api/v1/video?pageNumber=1&pageSize=50&title=,
body : {}
},
{
type : INFO,
timestamp : 1682190116969,
date : Sat Apr 22 2023 23:31:56 GMT+0430 (Iran Daylight Time),
ip : ::ffff:127.0.0.1,
Request : {
method : GET,
url : /api/v1/image?pageNumber=1&pageSize=50&title=,
body : {}
},
{
type : INFO,
timestamp : 1682190119361,
date : Sat Apr 22 2023 23:31:59 GMT+0430 (Iran Daylight Time),
ip : ::ffff:127.0.0.1,
Request : {
method : GET,
url : /api/v1/image?pageNumber=1&pageSize=50&title=,
body : {}
},
{
type : INFO,
timestamp : 1682190122421,
date : Sat Apr 22 2023 23:32:02 GMT+0430 (Iran Daylight Time),
ip : ::ffff:127.0.0.1,
Request : {
method : PUT,
url : /api/v1/experience/64442df518575660495c3755,
body : {"title":"aa2","experienceCategory":"642131e813d9f5525f86053a","featured":false,"text":"aaaaaaaaaaaaa2","videos":["643d3a4e27487bbf4fb0e186"],"images":["642d52b0c614daffa23ec176","642d52e3c614daffa23ec181"]}
},
{
type : INFO,
timestamp : 1682190122693,
date : Sat Apr 22 2023 23:32:02 GMT+0430 (Iran Daylight Time),
ip : ::ffff:127.0.0.1,
Request : {
method : GET,
url : /api/v1/experience?,
body : {}
},
{
type : INFO,
timestamp : 1682190129842,
date : Sat Apr 22 2023 23:32:09 GMT+0430 (Iran Daylight Time),
ip : ::ffff:127.0.0.1,
Request : {
method : DELETE,
url : /api/v1/experience/64442df518575660495c3755,
body : {}
},
{
type : INFO,
timestamp : 1682190129887,
date : Sat Apr 22 2023 23:32:09 GMT+0430 (Iran Daylight Time),
ip : ::ffff:127.0.0.1,
Request : {
method : GET,
url : /api/v1/experience?,
body : {}
},
{
type : INFO,
timestamp : 1682190155808,
date : Sat Apr 22 2023 23:32:35 GMT+0430 (Iran Daylight Time),
ip : ::ffff:127.0.0.1,
Request : {
method : GET,
url : /api/v1/userExperience?,
body : {}
},
{
type : INFO,
timestamp : 1682190313555,
date : Sat Apr 22 2023 23:35:13 GMT+0430 (Iran Daylight Time),
ip : ::ffff:127.0.0.1,
Request : {
method : GET,
url : /api/v1/user/getCurrentUser,
body : {}
},
{
type : INFO,
timestamp : 1682190314001,
date : Sat Apr 22 2023 23:35:14 GMT+0430 (Iran Daylight Time),
ip : ::ffff:127.0.0.1,
Request : {
method : GET,
url : /api/v1/userExperienceCategory?pageSize=100,
body : {}
},
{
type : INFO,
timestamp : 1682190314006,
date : Sat Apr 22 2023 23:35:14 GMT+0430 (Iran Daylight Time),
ip : ::ffff:127.0.0.1,
Request : {
method : GET,
url : /api/v1/userExperience?,
body : {}
},
{
type : INFO,
timestamp : 1682190314043,
date : Sat Apr 22 2023 23:35:14 GMT+0430 (Iran Daylight Time),
ip : ::ffff:127.0.0.1,
Request : {
method : GET,
url : /api/v1/userExperienceCategory?pageSize=100,
body : {}
},
{
type : INFO,
timestamp : 1682190322811,
date : Sat Apr 22 2023 23:35:22 GMT+0430 (Iran Daylight Time),
ip : ::ffff:127.0.0.1,
Request : {
method : GET,
url : /api/v1/user/getCurrentUser,
body : {}
},
{
type : INFO,
timestamp : 1682190323265,
date : Sat Apr 22 2023 23:35:23 GMT+0430 (Iran Daylight Time),
ip : ::ffff:127.0.0.1,
Request : {
method : GET,
url : /api/v1/userExperienceCategory?pageSize=100,
body : {}
},
{
type : INFO,
timestamp : 1682190323268,
date : Sat Apr 22 2023 23:35:23 GMT+0430 (Iran Daylight Time),
ip : ::ffff:127.0.0.1,
Request : {
method : GET,
url : /api/v1/userExperience?,
body : {}
},
{
type : INFO,
timestamp : 1682190323322,
date : Sat Apr 22 2023 23:35:23 GMT+0430 (Iran Daylight Time),
ip : ::ffff:127.0.0.1,
Request : {
method : GET,
url : /api/v1/userExperienceCategory?pageSize=100,
body : {}
},
{
type : INFO,
timestamp : 1682190416034,
date : Sat Apr 22 2023 23:36:56 GMT+0430 (Iran Daylight Time),
ip : ::ffff:127.0.0.1,
Request : {
method : GET,
url : /api/v1/userExperience?pageSize=10&userExperienceCategory=643e7a579e3a7b2706c045c9,
body : {}
},
{
type : INFO,
timestamp : 1682190422904,
date : Sat Apr 22 2023 23:37:02 GMT+0430 (Iran Daylight Time),
ip : ::ffff:127.0.0.1,
Request : {
method : GET,
url : /api/v1/userExperience?pageSize=10,
body : {}
},
{
type : INFO,
timestamp : 1682190425215,
date : Sat Apr 22 2023 23:37:05 GMT+0430 (Iran Daylight Time),
ip : ::ffff:127.0.0.1,
Request : {
method : GET,
url : /api/v1/userExperience?pageSize=10&userExperienceCategory=643e7ae79e3a7b2706c045ed,
body : {}
},
{
type : INFO,
timestamp : 1682190445596,
date : Sat Apr 22 2023 23:37:25 GMT+0430 (Iran Daylight Time),
ip : ::ffff:127.0.0.1,
Request : {
method : GET,
url : /api/v1/userExperience?pageSize=10,
body : {}
},
{
type : INFO,
timestamp : 1682190451366,
date : Sat Apr 22 2023 23:37:31 GMT+0430 (Iran Daylight Time),
ip : ::ffff:127.0.0.1,
Request : {
method : GET,
url : /api/v1/userExperience?pageSize=10&title=%D8%AA%D8%B3%D8%B3%D8%B3%D8%B3%D8%B3%D8%AA%DB%8C,
body : {}
},
{
type : INFO,
timestamp : 1682190452708,
date : Sat Apr 22 2023 23:37:32 GMT+0430 (Iran Daylight Time),
ip : ::ffff:127.0.0.1,
Request : {
method : GET,
url : /api/v1/userExperience?pageSize=10,
body : {}
},
{
type : INFO,
timestamp : 1682190456421,
date : Sat Apr 22 2023 23:37:36 GMT+0430 (Iran Daylight Time),
ip : ::ffff:127.0.0.1,
Request : {
method : GET,
url : /api/v1/userExperience?featured=true&pageSize=10,
body : {}
},
{
type : INFO,
timestamp : 1682190700478,
date : Sat Apr 22 2023 23:41:40 GMT+0430 (Iran Daylight Time),
ip : ::ffff:127.0.0.1,
Request : {
method : GET,
url : /api/v1/user?,
body : {}
},
{
type : INFO,
timestamp : 1682190701270,
date : Sat Apr 22 2023 23:41:41 GMT+0430 (Iran Daylight Time),
ip : ::ffff:127.0.0.1,
Request : {
method : GET,
url : /api/v1/postcategory?pageSize=100,
body : {}
},
{
type : INFO,
timestamp : 1682190701275,
date : Sat Apr 22 2023 23:41:41 GMT+0430 (Iran Daylight Time),
ip : ::ffff:127.0.0.1,
Request : {
method : GET,
url : /api/v1/post?,
body : {}
},
{
type : INFO,
timestamp : 1682190701308,
date : Sat Apr 22 2023 23:41:41 GMT+0430 (Iran Daylight Time),
ip : ::ffff:127.0.0.1,
Request : {
method : GET,
url : /api/v1/postcategory?pageSize=100,
body : {}
},
{
type : INFO,
timestamp : 1682190704909,
date : Sat Apr 22 2023 23:41:44 GMT+0430 (Iran Daylight Time),
ip : ::ffff:127.0.0.1,
Request : {
method : GET,
url : /api/v1/post?pageSize=10&postCategory=643a9fb7d0c5e185c395b8b0,
body : {}
},
{
type : INFO,
timestamp : 1682190710268,
date : Sat Apr 22 2023 23:41:50 GMT+0430 (Iran Daylight Time),
ip : ::ffff:127.0.0.1,
Request : {
method : GET,
url : /api/v1/post?pageSize=10,
body : {}
},
{
type : INFO,
timestamp : 1682190712917,
date : Sat Apr 22 2023 23:41:52 GMT+0430 (Iran Daylight Time),
ip : ::ffff:127.0.0.1,
Request : {
method : GET,
url : /api/v1/post?pageSize=10&postCategory=643a9fb7d0c5e185c395b8b0,
body : {}
},
{
type : INFO,
timestamp : 1682190715072,
date : Sat Apr 22 2023 23:41:55 GMT+0430 (Iran Daylight Time),
ip : ::ffff:127.0.0.1,
Request : {
method : GET,
url : /api/v1/post?pageSize=10,
body : {}
},
{
type : INFO,
timestamp : 1682190720142,
date : Sat Apr 22 2023 23:42:00 GMT+0430 (Iran Daylight Time),
ip : ::ffff:127.0.0.1,
Request : {
method : GET,
url : /api/v1/video?,
body : {}
},
{
type : INFO,
timestamp : 1682190720240,
date : Sat Apr 22 2023 23:42:00 GMT+0430 (Iran Daylight Time),
ip : ::ffff:127.0.0.1,
Request : {
method : GET,
url : /api/v1/video/VID-643d3a4e27487bbf4fb0e186-720.mp4,
body : {}
},
{
type : INFO,
timestamp : 1682190720283,
date : Sat Apr 22 2023 23:42:00 GMT+0430 (Iran Daylight Time),
ip : ::ffff:127.0.0.1,
Request : {
method : GET,
url : /api/v1/video/VID-643d3a4e27487bbf4fb0e186-720.mp4,
body : {}
},
{
type : INFO,
timestamp : 1682190721526,
date : Sat Apr 22 2023 23:42:01 GMT+0430 (Iran Daylight Time),
ip : ::ffff:127.0.0.1,
Request : {
method : GET,
url : /api/v1/image?,
body : {}
},
{
type : INFO,
timestamp : 1682190724197,
date : Sat Apr 22 2023 23:42:04 GMT+0430 (Iran Daylight Time),
ip : ::ffff:127.0.0.1,
Request : {
method : GET,
url : /api/v1/idea?isAdminSubmitted=true,
body : {}
},
{
type : INFO,
timestamp : 1682190770404,
date : Sat Apr 22 2023 23:42:50 GMT+0430 (Iran Daylight Time),
ip : ::ffff:127.0.0.1,
Request : {
method : GET,
url : /api/v1/userExperience?,
body : {}
},
{
type : INFO,
timestamp : 1682190787749,
date : Sat Apr 22 2023 23:43:07 GMT+0430 (Iran Daylight Time),
ip : ::ffff:127.0.0.1,
Request : {
method : GET,
url : /api/v1/user/getCurrentUser,
body : {}
},
{
type : INFO,
timestamp : 1682190788262,
date : Sat Apr 22 2023 23:43:08 GMT+0430 (Iran Daylight Time),
ip : ::ffff:127.0.0.1,
Request : {
method : GET,
url : /api/v1/userExperienceCategory?pageSize=100,
body : {}
},
{
type : INFO,
timestamp : 1682190788270,
date : Sat Apr 22 2023 23:43:08 GMT+0430 (Iran Daylight Time),
ip : ::ffff:127.0.0.1,
Request : {
method : GET,
url : /api/v1/userExperience?,
body : {}
},
{
type : INFO,
timestamp : 1682190788333,
date : Sat Apr 22 2023 23:43:08 GMT+0430 (Iran Daylight Time),
ip : ::ffff:127.0.0.1,
Request : {
method : GET,
url : /api/v1/userExperienceCategory?pageSize=100,
body : {}
},
{
type : INFO,
timestamp : 1682190980269,
date : Sat Apr 22 2023 23:46:20 GMT+0430 (Iran Daylight Time),
ip : ::ffff:127.0.0.1,
Request : {
method : GET,
url : /api/v1/userExperience?,
body : {}
},
{
type : INFO,
timestamp : 1682190984192,
date : Sat Apr 22 2023 23:46:24 GMT+0430 (Iran Daylight Time),
ip : ::ffff:127.0.0.1,
Request : {
method : GET,
url : /api/v1/user/getCurrentUser,
body : {}
},
{
type : INFO,
timestamp : 1682190984632,
date : Sat Apr 22 2023 23:46:24 GMT+0430 (Iran Daylight Time),
ip : ::ffff:127.0.0.1,
Request : {
method : GET,
url : /api/v1/userExperience?,
body : {}
},
{
type : INFO,
timestamp : 1682190984634,
date : Sat Apr 22 2023 23:46:24 GMT+0430 (Iran Daylight Time),
ip : ::ffff:127.0.0.1,
Request : {
method : GET,
url : /api/v1/userExperienceCategory?pageSize=100,
body : {}
},
{
type : INFO,
timestamp : 1682190984684,
date : Sat Apr 22 2023 23:46:24 GMT+0430 (Iran Daylight Time),
ip : ::ffff:127.0.0.1,
Request : {
method : GET,
url : /api/v1/userExperienceCategory?pageSize=100,
body : {}
},
{
type : INFO,
timestamp : 1682190992184,
date : Sat Apr 22 2023 23:46:32 GMT+0430 (Iran Daylight Time),
ip : ::ffff:127.0.0.1,
Request : {
method : GET,
url : /api/v1/idea?isAdminSubmitted=false,
body : {}
},
{
type : INFO,
timestamp : 1682191867593,
date : Sun Apr 23 2023 00:01:07 GMT+0430 (Iran Daylight Time),
ip : ::ffff:127.0.0.1,
Request : {
method : GET,
url : /api/v1/user/getCurrentUser,
body : {}
},
{
type : INFO,
timestamp : 1682191867994,
date : Sun Apr 23 2023 00:01:07 GMT+0430 (Iran Daylight Time),
ip : ::ffff:127.0.0.1,
Request : {
method : GET,
url : /api/v1/idea?isAdminSubmitted=false,
body : {}
},
{
type : INFO,
timestamp : 1682191895415,
date : Sun Apr 23 2023 00:01:35 GMT+0430 (Iran Daylight Time),
ip : ::ffff:127.0.0.1,
Request : {
method : GET,
url : /api/v1/user/getCurrentUser,
body : {}
},
{
type : INFO,
timestamp : 1682191895857,
date : Sun Apr 23 2023 00:01:35 GMT+0430 (Iran Daylight Time),
ip : ::ffff:127.0.0.1,
Request : {
method : GET,
url : /api/v1/idea?isAdminSubmitted=false,
body : {}
},
{
type : INFO,
timestamp : 1682191947280,
date : Sun Apr 23 2023 00:02:27 GMT+0430 (Iran Daylight Time),
ip : ::ffff:127.0.0.1,
Request : {
method : GET,
url : /api/v1/user/getCurrentUser,
body : {}
},
{
type : INFO,
timestamp : 1682191947665,
date : Sun Apr 23 2023 00:02:27 GMT+0430 (Iran Daylight Time),
ip : ::ffff:127.0.0.1,
Request : {
method : GET,
url : /api/v1/idea?isAdminSubmitted=false,
body : {}
},
{
type : INFO,
timestamp : 1682191968160,
date : Sun Apr 23 2023 00:02:48 GMT+0430 (Iran Daylight Time),
ip : ::ffff:127.0.0.1,
Request : {
method : GET,
url : /api/v1/user/getCurrentUser,
body : {}
},
{
type : INFO,
timestamp : 1682191968520,
date : Sun Apr 23 2023 00:02:48 GMT+0430 (Iran Daylight Time),
ip : ::ffff:127.0.0.1,
Request : {
method : GET,
url : /api/v1/idea?isAdminSubmitted=false,
body : {}
},
{
type : INFO,
timestamp : 1682191974936,
date : Sun Apr 23 2023 00:02:54 GMT+0430 (Iran Daylight Time),
ip : ::ffff:127.0.0.1,
Request : {
method : GET,
url : /api/v1/userExperienceCategory?pageSize=100,
body : {}
},
{
type : INFO,
timestamp : 1682191974942,
date : Sun Apr 23 2023 00:02:54 GMT+0430 (Iran Daylight Time),
ip : ::ffff:127.0.0.1,
Request : {
method : GET,
url : /api/v1/userExperience?,
body : {}
},
{
type : INFO,
timestamp : 1682191974984,
date : Sun Apr 23 2023 00:02:54 GMT+0430 (Iran Daylight Time),
ip : ::ffff:127.0.0.1,
Request : {
method : GET,
url : /api/v1/userExperienceCategory?pageSize=100,
body : {}
},
{
type : INFO,
timestamp : 1682192002924,
date : Sun Apr 23 2023 00:03:22 GMT+0430 (Iran Daylight Time),
ip : ::ffff:127.0.0.1,
Request : {
method : POST,
url : /api/v1/userExperience/approve/643e7a969e3a7b2706c045da,
body : {}
},
{
type : INFO,
timestamp : 1682192002971,
date : Sun Apr 23 2023 00:03:22 GMT+0430 (Iran Daylight Time),
ip : ::ffff:127.0.0.1,
Request : {
method : GET,
url : /api/v1/userExperience?,
body : {}
},
{
type : INFO,
timestamp : 1682192102702,
date : Sun Apr 23 2023 00:05:02 GMT+0430 (Iran Daylight Time),
ip : ::ffff:127.0.0.1,
Request : {
method : POST,
url : /api/v1/userExperience/disApprove/643e7a969e3a7b2706c045da,
body : {}
},
{
type : INFO,
timestamp : 1682192102762,
date : Sun Apr 23 2023 00:05:02 GMT+0430 (Iran Daylight Time),
ip : ::ffff:127.0.0.1,
Request : {
method : GET,
url : /api/v1/userExperience?,
body : {}
},
{
type : INFO,
timestamp : 1682192124806,
date : Sun Apr 23 2023 00:05:24 GMT+0430 (Iran Daylight Time),
ip : ::ffff:127.0.0.1,
Request : {
method : POST,
url : /api/v1/userExperience/approve/643e7a969e3a7b2706c045da,
body : {}
},
{
type : INFO,
timestamp : 1682192124837,
date : Sun Apr 23 2023 00:05:24 GMT+0430 (Iran Daylight Time),
ip : ::ffff:127.0.0.1,
Request : {
method : GET,
url : /api/v1/userExperience?,
body : {}
},
{
type : INFO,
timestamp : 1682192459325,
date : Sun Apr 23 2023 00:10:59 GMT+0430 (Iran Daylight Time),
ip : ::ffff:127.0.0.1,
Request : {
method : GET,
url : /api/v1/userExperience?pageSize=10&title=%D8%AA%D8%B3%D8%B3%D8%B3%D8%B3%D8%B3%D8%AA%DB%8C,
body : {}
},
{
type : INFO,
timestamp : 1682192460347,
date : Sun Apr 23 2023 00:11:00 GMT+0430 (Iran Daylight Time),
ip : ::ffff:127.0.0.1,
Request : {
method : GET,
url : /api/v1/userExperience?pageSize=10,
body : {}
},
{
type : INFO,
timestamp : 1682192463885,
date : Sun Apr 23 2023 00:11:03 GMT+0430 (Iran Daylight Time),
ip : ::ffff:127.0.0.1,
Request : {
method : GET,
url : /api/v1/userExperience?featured=false&pageSize=10,
body : {}
},
{
type : INFO,
timestamp : 1682192466473,
date : Sun Apr 23 2023 00:11:06 GMT+0430 (Iran Daylight Time),
ip : ::ffff:127.0.0.1,
Request : {
method : GET,
url : /api/v1/userExperience?featured=true&pageSize=10,
body : {}
},
{
type : INFO,
timestamp : 1682192471063,
date : Sun Apr 23 2023 00:11:11 GMT+0430 (Iran Daylight Time),
ip : ::ffff:127.0.0.1,
Request : {
method : GET,
url : /api/v1/userExperience?featured=true&pageSize=10&userExperienceCategory=643e7a579e3a7b2706c045c9,
body : {}
},
{
type : INFO,
timestamp : 1682192473029,
date : Sun Apr 23 2023 00:11:13 GMT+0430 (Iran Daylight Time),
ip : ::ffff:127.0.0.1,
Request : {
method : GET,
url : /api/v1/userExperience?pageSize=10,
body : {}
},
{
type : INFO,
timestamp : 1682192474884,
date : Sun Apr 23 2023 00:11:14 GMT+0430 (Iran Daylight Time),
ip : ::ffff:127.0.0.1,
Request : {
method : GET,
url : /api/v1/userExperience?pageSize=10&userExperienceCategory=643e7ae79e3a7b2706c045ed,
body : {}
},
{
type : INFO,
timestamp : 1682192476249,
date : Sun Apr 23 2023 00:11:16 GMT+0430 (Iran Daylight Time),
ip : ::ffff:127.0.0.1,
Request : {
method : GET,
url : /api/v1/userExperience?pageSize=10,
body : {}
},
{
type : INFO,
timestamp : 1682192494596,
date : Sun Apr 23 2023 00:11:34 GMT+0430 (Iran Daylight Time),
ip : ::ffff:127.0.0.1,
Request : {
method : GET,
url : /api/v1/experienceCategory?,
body : {}
},
{
type : INFO,
timestamp : 1682192510851,
date : Sun Apr 23 2023 00:11:50 GMT+0430 (Iran Daylight Time),
ip : ::ffff:127.0.0.1,
Request : {
method : GET,
url : /api/v1/userExperience?,
body : {}
},
{
type : INFO,
timestamp : 1682192515591,
date : Sun Apr 23 2023 00:11:55 GMT+0430 (Iran Daylight Time),
ip : ::ffff:127.0.0.1,
Request : {
method : GET,
url : /api/v1/experienceCategory?,
body : {}
},
{
type : INFO,
timestamp : 1682192524177,
date : Sun Apr 23 2023 00:12:04 GMT+0430 (Iran Daylight Time),
ip : ::ffff:127.0.0.1,
Request : {
method : GET,
url : /api/v1/userExperience?,
body : {}
},
{
type : INFO,
timestamp : 1682192531621,
date : Sun Apr 23 2023 00:12:11 GMT+0430 (Iran Daylight Time),
ip : ::ffff:127.0.0.1,
Request : {
method : GET,
url : /api/v1/experienceCategory?,
body : {}
},
{
type : INFO,
timestamp : 1682192535101,
date : Sun Apr 23 2023 00:12:15 GMT+0430 (Iran Daylight Time),
ip : ::ffff:127.0.0.1,
Request : {
method : GET,
url : /api/v1/userExperience?,
body : {}
},
{
type : INFO,
timestamp : 1682192567365,
date : Sun Apr 23 2023 00:12:47 GMT+0430 (Iran Daylight Time),
ip : ::ffff:127.0.0.1,
Request : {
method : GET,
url : /api/v1/experienceCategory?pageSize=100,
body : {}
},
{
type : INFO,
timestamp : 1682192567367,
date : Sun Apr 23 2023 00:12:47 GMT+0430 (Iran Daylight Time),
ip : ::ffff:127.0.0.1,
Request : {
method : GET,
url : /api/v1/experience?,
body : {}
},
{
type : INFO,
timestamp : 1682192567404,
date : Sun Apr 23 2023 00:12:47 GMT+0430 (Iran Daylight Time),
ip : ::ffff:127.0.0.1,
Request : {
method : GET,
url : /api/v1/experienceCategory?pageSize=100,
body : {}
},
{
type : INFO,
timestamp : 1682192573661,
date : Sun Apr 23 2023 00:12:53 GMT+0430 (Iran Daylight Time),
ip : ::ffff:127.0.0.1,
Request : {
method : GET,
url : /api/v1/userExperience?,
body : {}
},
{
type : INFO,
timestamp : 1682192576903,
date : Sun Apr 23 2023 00:12:56 GMT+0430 (Iran Daylight Time),
ip : ::ffff:127.0.0.1,
Request : {
method : GET,
url : /api/v1/experience?,
body : {}
},
{
type : INFO,
timestamp : 1682192610698,
date : Sun Apr 23 2023 00:13:30 GMT+0430 (Iran Daylight Time),
ip : ::ffff:127.0.0.1,
Request : {
method : GET,
url : /api/v1/user/getCurrentUser,
body : {}
},
{
type : INFO,
timestamp : 1682192612047,
date : Sun Apr 23 2023 00:13:32 GMT+0430 (Iran Daylight Time),
ip : ::ffff:127.0.0.1,
Request : {
method : GET,
url : /api/v1/user?,
body : {}
},
{
type : INFO,
timestamp : 1682192613498,
date : Sun Apr 23 2023 00:13:33 GMT+0430 (Iran Daylight Time),
ip : ::ffff:127.0.0.1,
Request : {
method : GET,
url : /api/v1/postcategory?pageSize=100,
body : {}
},
{
type : INFO,
timestamp : 1682192613506,
date : Sun Apr 23 2023 00:13:33 GMT+0430 (Iran Daylight Time),
ip : ::ffff:127.0.0.1,
Request : {
method : GET,
url : /api/v1/post?,
body : {}
},
{
type : INFO,
timestamp : 1682192613546,
date : Sun Apr 23 2023 00:13:33 GMT+0430 (Iran Daylight Time),
ip : ::ffff:127.0.0.1,
Request : {
method : GET,
url : /api/v1/postcategory?pageSize=100,
body : {}
},
{
type : INFO,
timestamp : 1682192616443,
date : Sun Apr 23 2023 00:13:36 GMT+0430 (Iran Daylight Time),
ip : ::ffff:127.0.0.1,
Request : {
method : GET,
url : /api/v1/post?pageSize=10&postCategory=643a9fb7d0c5e185c395b8b0,
body : {}
},
{
type : INFO,
timestamp : 1682192617532,
date : Sun Apr 23 2023 00:13:37 GMT+0430 (Iran Daylight Time),
ip : ::ffff:127.0.0.1,
Request : {
method : GET,
url : /api/v1/post?pageSize=10,
body : {}
},
